2025-04-04 03:37:30.473118 - Received SBGOLOB.CBT509.FILE1016 from FILE1016.XMI 
2025-04-04 03:37:30.474222 - Found $$$#DATE.txt (text/plain) in SBGOLOB.CBT509.FILE1016, moved to PDS/$$$#DATE
2025-04-04 03:37:30.474378 - Found $$NOTE01.eml (message/rfc822) in SBGOLOB.CBT509.FILE1016, moved to PDS/$$NOTE01
2025-04-04 03:37:30.474521 - Found $$NOTE02.txt (text/plain) in SBGOLOB.CBT509.FILE1016, moved to PDS/$$NOTE02
2025-04-04 03:37:30.474657 - Found $DOC.txt (text/plain) in SBGOLOB.CBT509.FILE1016, moved to PDS/$DOC
2025-04-04 03:37:30.474811 - Found @FIL1016.txt (text/plain) in SBGOLOB.CBT509.FILE1016, moved to PDS/@FIL1016
2025-04-04 03:37:30.474947 - Found ALLOCVOL.xmi (application/xmit) in SBGOLOB.CBT509.FILE1016, moved to PDS/ALLOCVOL.xmi
2025-04-04 03:37:30.517985 - Received SMYERS.ALLOCVOL.CBT.PDS from ALLOCVOL.xmi 
2025-04-04 03:37:30.518452 - Found $DOC.txt (text/plain) in SMYERS.ALLOCVOL.CBT.PDS, moved to ALLOCVOL/$DOC
2025-04-04 03:37:30.518598 - Found ALLOCVOL.txt (text/plain) in SMYERS.ALLOCVOL.CBT.PDS, moved to ALLOCVOL/ALLOCVOL
2025-04-04 03:37:30.518739 - Found LINK.txt (text/plain) in SMYERS.ALLOCVOL.CBT.PDS, moved to ALLOCVOL/LINK
2025-04-04 03:37:30.518879 - Found OBJECT.bin (application/octet-stream) in SMYERS.ALLOCVOL.CBT.PDS, moved to ALLOCVOL/OBJECT
2025-04-04 03:37:30.519312 - Found DSSTAT.xmi (application/xmit) in SBGOLOB.CBT509.FILE1016, moved to PDS/DSSTAT.xmi
2025-04-04 03:37:30.581300 - Received SMYERS.DSSTAT.CBT.PDS from DSSTAT.xmi 
2025-04-04 03:37:30.582059 - Found $DOC.txt (text/plain) in SMYERS.DSSTAT.CBT.PDS, moved to DSSTAT/$DOC
2025-04-04 03:37:30.582225 - Found DSSTAT.txt (text/plain) in SMYERS.DSSTAT.CBT.PDS, moved to DSSTAT/DSSTAT
2025-04-04 03:37:30.582376 - Found LINK.txt (text/plain) in SMYERS.DSSTAT.CBT.PDS, moved to DSSTAT/LINK
2025-04-04 03:37:30.582520 - Found OBJECT.bin (application/octet-stream) in SMYERS.DSSTAT.CBT.PDS, moved to DSSTAT/OBJECT
2025-04-04 03:37:30.582668 - Found SOURCE.txt (text/plain) in SMYERS.DSSTAT.CBT.PDS, moved to DSSTAT/SOURCE
2025-04-04 03:37:30.583116 - Found FINDCMD.xmi (application/xmit) in SBGOLOB.CBT509.FILE1016, moved to PDS/FINDCMD.xmi
2025-04-04 03:37:30.635141 - Received SMYERS.FINDCMD.CBT.PDS from FINDCMD.xmi 
2025-04-04 03:37:30.635633 - Found $DOC.txt (text/plain) in SMYERS.FINDCMD.CBT.PDS, moved to FINDCMD/$DOC
2025-04-04 03:37:30.635784 - Found LINK.txt (text/plain) in SMYERS.FINDCMD.CBT.PDS, moved to FINDCMD/LINK
2025-04-04 03:37:30.635913 - Found OBJECT.bin (application/octet-stream) in SMYERS.FINDCMD.CBT.PDS, moved to FINDCMD/OBJECT
2025-04-04 03:37:30.636059 - Found SOURCE.txt (text/plain) in SMYERS.FINDCMD.CBT.PDS, moved to FINDCMD/SOURCE
2025-04-04 03:37:30.636609 - Found FREESYS.xmi (application/xmit) in SBGOLOB.CBT509.FILE1016, moved to PDS/FREESYS.xmi
2025-04-04 03:37:30.680693 - Received SMYERS.FREESYS.CBT.PDS from FREESYS.xmi 
2025-04-04 03:37:30.681183 - Found $DOC.txt (text/plain) in SMYERS.FREESYS.CBT.PDS, moved to FREESYS/$DOC
2025-04-04 03:37:30.681327 - Found FREESYS.txt (text/plain) in SMYERS.FREESYS.CBT.PDS, moved to FREESYS/FREESYS
2025-04-04 03:37:30.681467 - Found LINK.txt (text/plain) in SMYERS.FREESYS.CBT.PDS, moved to FREESYS/LINK
2025-04-04 03:37:30.681591 - Found OBJECT.bin (application/octet-stream) in SMYERS.FREESYS.CBT.PDS, moved to FREESYS/OBJECT
2025-04-04 03:37:30.682012 - Found IDUMP.xmi (application/xmit) in SBGOLOB.CBT509.FILE1016, moved to PDS/IDUMP.xmi
2025-04-04 03:37:30.752969 - Received SMYERS.IDUMP.CBT.PDS from IDUMP.xmi 
2025-04-04 03:37:30.753442 - Found $DOC.txt (text/plain) in SMYERS.IDUMP.CBT.PDS, moved to IDUMP/$DOC
2025-04-04 03:37:30.753584 - Found IDUMP.txt (text/plain) in SMYERS.IDUMP.CBT.PDS, moved to IDUMP/IDUMP
2025-04-04 03:37:30.753704 - Found LINK.txt (text/plain) in SMYERS.IDUMP.CBT.PDS, moved to IDUMP/LINK
2025-04-04 03:37:30.753843 - Found OBJECT.bin (application/octet-stream) in SMYERS.IDUMP.CBT.PDS, moved to IDUMP/OBJECT
2025-04-04 03:37:30.754161 - Found SOURCE.txt (text/plain) in SMYERS.IDUMP.CBT.PDS, moved to IDUMP/SOURCE
2025-04-04 03:37:30.754610 - Found INVCP.xmi (application/xmit) in SBGOLOB.CBT509.FILE1016, moved to PDS/INVCP.xmi
2025-04-04 03:37:30.788686 - Received SMYERS.INVCP.CBT.PDS from INVCP.xmi 
2025-04-04 03:37:30.789134 - Found $DOC.txt (text/plain) in SMYERS.INVCP.CBT.PDS, moved to INVCP/$DOC
2025-04-04 03:37:30.789283 - Found INVCP.txt (text/plain) in SMYERS.INVCP.CBT.PDS, moved to INVCP/INVCP
2025-04-04 03:37:30.789410 - Found LINK.txt (text/plain) in SMYERS.INVCP.CBT.PDS, moved to INVCP/LINK
2025-04-04 03:37:30.789539 - Found OBJECT.bin (application/octet-stream) in SMYERS.INVCP.CBT.PDS, moved to INVCP/OBJECT
2025-04-04 03:37:30.789958 - Found KEEPITUP.xmi (application/xmit) in SBGOLOB.CBT509.FILE1016, moved to PDS/KEEPITUP.xmi
2025-04-04 03:37:30.914797 - Received SBGOLOB.KEEPITUP.PDS from KEEPITUP.xmi 
2025-04-04 03:37:30.915502 - Found $DOC.txt (text/plain) in SBGOLOB.KEEPITUP.PDS, moved to KEEPITUP/$DOC
2025-04-04 03:37:30.916296 - Found $NOTE.txt (text/plain) in SBGOLOB.KEEPITUP.PDS, moved to KEEPITUP/$NOTE
2025-04-04 03:37:30.916424 - Found JCL.txt (text/plain) in SBGOLOB.KEEPITUP.PDS, moved to KEEPITUP/JCL
2025-04-04 03:37:30.916547 - Found KEEPITU$.jcl (text/plain) in SBGOLOB.KEEPITUP.PDS, moved to KEEPITUP/KEEPITU$
2025-04-04 03:37:30.916687 - Found KEEPITUP.txt (text/plain) in SBGOLOB.KEEPITUP.PDS, moved to KEEPITUP/KEEPITUP
2025-04-04 03:37:30.916801 - Found LINK.txt (text/plain) in SBGOLOB.KEEPITUP.PDS, moved to KEEPITUP/LINK
2025-04-04 03:37:30.916927 - Found MINIFMT.txt (text/plain) in SBGOLOB.KEEPITUP.PDS, moved to KEEPITUP/MINIFMT
2025-04-04 03:37:30.917076 - Found OBJECT.bin (application/octet-stream) in SBGOLOB.KEEPITUP.PDS, moved to KEEPITUP/OBJECT
2025-04-04 03:37:30.917235 - Found SMFETIME.txt (text/plain) in SBGOLOB.KEEPITUP.PDS, moved to KEEPITUP/SMFETIME
2025-04-04 03:37:30.917356 - Found WEEKDAY.txt (text/plain) in SBGOLOB.KEEPITUP.PDS, moved to KEEPITUP/WEEKDAY
2025-04-04 03:37:30.918065 - Found LISTTSOU.xmi (application/xmit) in SBGOLOB.CBT509.FILE1016, moved to PDS/LISTTSOU.xmi
2025-04-04 03:37:30.965074 - Received SMYERS.LISTTSOU.CBT.PDS from LISTTSOU.xmi 
2025-04-04 03:37:30.965533 - Found $DOC.txt (text/plain) in SMYERS.LISTTSOU.CBT.PDS, moved to LISTTSOU/$DOC
2025-04-04 03:37:30.965665 - Found LINK.txt (text/plain) in SMYERS.LISTTSOU.CBT.PDS, moved to LISTTSOU/LINK
2025-04-04 03:37:30.965792 - Found OBJECT.bin (application/octet-stream) in SMYERS.LISTTSOU.CBT.PDS, moved to LISTTSOU/OBJECT
2025-04-04 03:37:30.965937 - Found SOURCE.txt (text/plain) in SMYERS.LISTTSOU.CBT.PDS, moved to LISTTSOU/SOURCE
2025-04-04 03:37:30.966419 - Found LMATTR.xmi (application/xmit) in SBGOLOB.CBT509.FILE1016, moved to PDS/LMATTR.xmi
2025-04-04 03:37:31.030216 - Received SMYERS.LMATTR.CBT.PDS from LMATTR.xmi 
2025-04-04 03:37:31.030730 - Found $DOC.txt (text/plain) in SMYERS.LMATTR.CBT.PDS, moved to LMATTR/$DOC
2025-04-04 03:37:31.030881 - Found LINK.txt (text/plain) in SMYERS.LMATTR.CBT.PDS, moved to LMATTR/LINK
2025-04-04 03:37:31.031023 - Found LMATTR.txt (text/plain) in SMYERS.LMATTR.CBT.PDS, moved to LMATTR/LMATTR
2025-04-04 03:37:31.031167 - Found OBJECT.bin (application/octet-stream) in SMYERS.LMATTR.CBT.PDS, moved to LMATTR/OBJECT
2025-04-04 03:37:31.031315 - Found SOURCE.txt (text/plain) in SMYERS.LMATTR.CBT.PDS, moved to LMATTR/SOURCE
2025-04-04 03:37:31.031789 - Found LOGTIMED.xmi (application/xmit) in SBGOLOB.CBT509.FILE1016, moved to PDS/LOGTIMED.xmi
2025-04-04 03:37:31.101003 - Received SMYERS.LOGTIMED.CBT.PDS from LOGTIMED.xmi 
2025-04-04 03:37:31.101488 - Found $DOC.txt (text/plain) in SMYERS.LOGTIMED.CBT.PDS, moved to LOGTIMED/$DOC
2025-04-04 03:37:31.101667 - Found LOGTIMED.txt (text/plain) in SMYERS.LOGTIMED.CBT.PDS, moved to LOGTIMED/LOGTIMED
2025-04-04 03:37:31.101818 - Found MINIFMT.txt (text/plain) in SMYERS.LOGTIMED.CBT.PDS, moved to LOGTIMED/MINIFMT
2025-04-04 03:37:31.101945 - Found PREP.txt (text/plain) in SMYERS.LOGTIMED.CBT.PDS, moved to LOGTIMED/PREP
2025-04-04 03:37:31.102101 - Found SMFETIME.txt (text/plain) in SMYERS.LOGTIMED.CBT.PDS, moved to LOGTIMED/SMFETIME
2025-04-04 03:37:31.102548 - Found RESETPDS.xmi (application/xmit) in SBGOLOB.CBT509.FILE1016, moved to PDS/RESETPDS.xmi
2025-04-04 03:37:31.148939 - Received SMYERS.RESETPDS.CBT.PDS from RESETPDS.xmi 
2025-04-04 03:37:31.149526 - Found $DOC.txt (text/plain) in SMYERS.RESETPDS.CBT.PDS, moved to RESETPDS/$DOC
2025-04-04 03:37:31.149663 - Found OBJECT.bin (application/octet-stream) in SMYERS.RESETPDS.CBT.PDS, moved to RESETPDS/OBJECT
2025-04-04 03:37:31.149794 - Found RESETPDS.txt (text/plain) in SMYERS.RESETPDS.CBT.PDS, moved to RESETPDS/RESETPDS
2025-04-04 03:37:31.149858 - Found alias RPDS to RESETPDS in SMYERS.RESETPDS.CBT.PDS, moved to PDS/RPDS
2025-04-04 03:37:31.149989 - Found SOURCE.txt (text/plain) in SMYERS.RESETPDS.CBT.PDS, moved to RESETPDS/SOURCE
2025-04-04 03:37:31.150412 - Found TIOT.xmi (application/xmit) in SBGOLOB.CBT509.FILE1016, moved to PDS/TIOT.xmi
2025-04-04 03:37:31.204364 - Received SMYERS.TIOT.CBT.PDS from TIOT.xmi 
2025-04-04 03:37:31.204872 - Found $DOC.txt (text/plain) in SMYERS.TIOT.CBT.PDS, moved to TIOT/$DOC
2025-04-04 03:37:31.205012 - Found LINK.txt (text/plain) in SMYERS.TIOT.CBT.PDS, moved to TIOT/LINK
2025-04-04 03:37:31.205142 - Found OBJECT.bin (application/octet-stream) in SMYERS.TIOT.CBT.PDS, moved to TIOT/OBJECT
2025-04-04 03:37:31.205281 - Found SOURCE.txt (text/plain) in SMYERS.TIOT.CBT.PDS, moved to TIOT/SOURCE
2025-04-04 03:37:31.205399 - Found TIOT.txt (text/plain) in SMYERS.TIOT.CBT.PDS, moved to TIOT/TIOT
2025-04-04 03:37:31.205816 - Found TSO.xmi (application/xmit) in SBGOLOB.CBT509.FILE1016, moved to PDS/TSO.xmi
2025-04-04 03:37:31.236919 - Received SMYERS.TSO.CBT.PDS from TSO.xmi 
2025-04-04 03:37:31.237387 - Found $DOC.txt (text/plain) in SMYERS.TSO.CBT.PDS, moved to TSO/$DOC
2025-04-04 03:37:31.237540 - Found LINK.txt (text/plain) in SMYERS.TSO.CBT.PDS, moved to TSO/LINK
2025-04-04 03:37:31.237690 - Found OBJECT.bin (application/octet-stream) in SMYERS.TSO.CBT.PDS, moved to TSO/OBJECT
2025-04-04 03:37:31.237843 - Found TSO.txt (text/plain) in SMYERS.TSO.CBT.PDS, moved to TSO/TSO
2025-04-04 03:37:31.238339 - Found TSOLPDIR.xmi (application/xmit) in SBGOLOB.CBT509.FILE1016, moved to PDS/TSOLPDIR.xmi
2025-04-04 03:37:31.295583 - Received SMYERS.TSOLPDIR.CBT.PDS from TSOLPDIR.xmi 
2025-04-04 03:37:31.296104 - Found $DOC.txt (text/plain) in SMYERS.TSOLPDIR.CBT.PDS, moved to TSOLPDIR/$DOC
2025-04-04 03:37:31.296278 - Found LINK.txt (text/plain) in SMYERS.TSOLPDIR.CBT.PDS, moved to TSOLPDIR/LINK
2025-04-04 03:37:31.296343 - Found alias LISTPDS to TSOLPDIR in SMYERS.TSOLPDIR.CBT.PDS, moved to PDS/LISTPDS
2025-04-04 03:37:31.296482 - Found OBJECT.bin (application/octet-stream) in SMYERS.TSOLPDIR.CBT.PDS, moved to TSOLPDIR/OBJECT
2025-04-04 03:37:31.296663 - Found SOURCE.txt (text/plain) in SMYERS.TSOLPDIR.CBT.PDS, moved to TSOLPDIR/SOURCE
2025-04-04 03:37:31.296791 - Found TSOLPDIR.txt (text/plain) in SMYERS.TSOLPDIR.CBT.PDS, moved to TSOLPDIR/TSOLPDIR
2025-04-04 03:37:31.297239 - Found XI.xmi (application/xmit) in SBGOLOB.CBT509.FILE1016, moved to PDS/XI.xmi
2025-04-04 03:37:31.339249 - Received SMYERS.XI.CBT.PDS from XI.xmi 
2025-04-04 03:37:31.339714 - Found $DOC.txt (text/plain) in SMYERS.XI.CBT.PDS, moved to XI/$DOC
2025-04-04 03:37:31.339854 - Found LINK.txt (text/plain) in SMYERS.XI.CBT.PDS, moved to XI/LINK
2025-04-04 03:37:31.339975 - Found OBJECT.bin (application/octet-stream) in SMYERS.XI.CBT.PDS, moved to XI/OBJECT
2025-04-04 03:37:31.340109 - Found XI22.txt (text/plain) in SMYERS.XI.CBT.PDS, moved to XI/XI22
